#
# There is insufficient memory for the Java Runtime Environment to continue.
# Native memory allocation (malloc) failed to allocate 2153280 bytes for Chunk::new
# Possible reasons:
#   The system is out of physical RAM or swap space
#   The process is running with CompressedOops enabled, and the Java Heap may be blocking the growth of the native heap
# Possible solutions:
#   Reduce memory load on the system
#   Increase physical memory or swap space
#   Check if swap backing store is full
#   Decrease Java heap size (-Xmx/-Xms)
#   Decrease number of Java threads
#   Decrease Java thread stack sizes (-Xss)
#   Set larger code cache with -XX:ReservedCodeCacheSize=
#   JVM is running with Unscaled Compressed Oops mode in which the Java heap is
#     placed in the first 4GB address space. The Java Heap base address is the
#     maximum limit for the native heap growth. Please use -XX:HeapBaseMinAddress
#     to set the Java Heap base and to place the Java Heap above 4GB virtual address.
# This output file may be truncated or incomplete.
#
#  Out of Memory Error (t:/workspace/open/src/hotspot/share/memory/arena.cpp:196), pid=16272, tid=10812
#
# JRE version: Java(TM) SE Runtime Environment (13.0.2+8) (build 13.0.2+8)
# Java VM: Java HotSpot(TM) 64-Bit Server VM (13.0.2+8, mixed mode, sharing, tiered, compressed oops, parallel gc, windows-amd64)
# No core dump will be written. Minidumps are not enabled by default on client versions of Windows
#

---------------  S U M M A R Y ------------

Command Line: --add-modules=ALL-SYSTEM --add-opens=java.base/java.util=ALL-UNNAMED --add-opens=java.base/java.lang=ALL-UNNAMED -Declipse.application=org.eclipse.jdt.ls.core.id1 -Dosgi.bundles.defaultStartLevel=4 -Declipse.product=org.eclipse.jdt.ls.core.product -Dfile.encoding=utf8 -DwatchParentProcess=false -XX:+UseParallelGC -XX:GCTimeRatio=4 -XX:AdaptiveSizePolicyWeight=90 -Dsun.zip.disableMemoryMapping=true -Xmx1G -Xms100m -javaagent:c:\Users\user\.vscode\extensions\gabrielbb.vscode-lombok-1.0.1\server\lombok.jar c:\Users\user\.vscode\extensions\redhat.java-0.65.0\server\plugins\org.eclipse.equinox.launcher_1.5.700.v20200207-2156.jar -configuration c:\Users\user\AppData\Roaming\Code\User\globalStorage\redhat.java\0.65.0\config_ss_win -data c:\Users\user\AppData\Roaming\Code\User\workspaceStorage\a46b9891e5656295e1b7f49403d4699a\redhat.java\ss_ws

Host: Intel(R) Core(TM) i5-4300U CPU @ 1.90GHz, 4 cores, 7G,  Windows 10 , 64 bit Build 18362 (10.0.18362.959)
Time: Tue Aug  4 08:49:05 2020 Eastern Daylight Time elapsed time: 8 seconds (0d 0h 0m 8s)

---------------  T H R E A D  ---------------

Current thread (0x000002515b0cf000):  JavaThread "C2 CompilerThread0" daemon [_thread_in_native, id=10812, stack(0x00000053db800000,0x00000053db900000)]


Current CompileTask:
C2:   8968 2029       4       org.objectweb.asm.ClassReader::readMethod (1052 bytes)

Stack: [0x00000053db800000,0x00000053db900000]
Native frames: (J=compiled Java code, j=interpreted, Vv=VM code, C=native code)
V  [jvm.dll+0x624f9a]
V  [jvm.dll+0x770cfa]
V  [jvm.dll+0x7724af]
V  [jvm.dll+0x772ab3]
V  [jvm.dll+0x24bf08]
V  [jvm.dll+0xc1e47]
V  [jvm.dll+0xc23cc]
V  [jvm.dll+0x35c0c5]
V  [jvm.dll+0x19f2f0]
V  [jvm.dll+0x205d36]
V  [jvm.dll+0x204e3f]
V  [jvm.dll+0x189c2c]
V  [jvm.dll+0x213e6d]
V  [jvm.dll+0x2120bb]
V  [jvm.dll+0x736bb6]
V  [jvm.dll+0x72fcaa]
V  [jvm.dll+0x623ea6]
C  [ucrtbase.dll+0x20e82]
C  [KERNEL32.DLL+0x17bd4]
C  [ntdll.dll+0x6ce51]


---------------  P R O C E S S  ---------------

Threads class SMR info:
_java_thread_list=0x000002515dc81420, length=18, elements={
0x000002513f1af800, 0x000002513f26d800, 0x000002513f270000, 0x000002515b0ca000,
0x000002515b0cc000, 0x000002515b0cf000, 0x000002515b0d6000, 0x000002515b13c000,
0x000002515c287800, 0x000002515c45c000, 0x000002515c860000, 0x000002515ce83000,
0x000002515ce71800, 0x000002515b116000, 0x000002515cc9c000, 0x000002515b13b800,
0x000002515ca23800, 0x000002515c7f9000
}

Java Threads: ( => current thread )
  0x000002513f1af800 JavaThread "main" [_thread_blocked, id=14212, stack(0x00000053db100000,0x00000053db200000)]
  0x000002513f26d800 JavaThread "Reference Handler" daemon [_thread_blocked, id=7944, stack(0x00000053db400000,0x00000053db500000)]
  0x000002513f270000 JavaThread "Finalizer" daemon [_thread_blocked, id=16040, stack(0x00000053db500000,0x00000053db600000)]
  0x000002515b0ca000 JavaThread "Signal Dispatcher" daemon [_thread_blocked, id=16468, stack(0x00000053db600000,0x00000053db700000)]
  0x000002515b0cc000 JavaThread "Attach Listener" daemon [_thread_blocked, id=5024, stack(0x00000053db700000,0x00000053db800000)]
=>0x000002515b0cf000 JavaThread "C2 CompilerThread0" daemon [_thread_in_native, id=10812, stack(0x00000053db800000,0x00000053db900000)]
  0x000002515b0d6000 JavaThread "C1 CompilerThread0" daemon [_thread_blocked, id=8844, stack(0x00000053db900000,0x00000053dba00000)]
  0x000002515b13c000 JavaThread "Sweeper thread" daemon [_thread_blocked, id=11480, stack(0x00000053dba00000,0x00000053dbb00000)]
  0x000002515c287800 JavaThread "Common-Cleaner" daemon [_thread_blocked, id=4228, stack(0x00000053dbb00000,0x00000053dbc00000)]
  0x000002515c45c000 JavaThread "Service Thread" daemon [_thread_blocked, id=12524, stack(0x00000053dbc00000,0x00000053dbd00000)]
  0x000002515c860000 JavaThread "Active Thread: Equinox Container: f8d6063a-5329-4730-bc63-fdc0552fade1" [_thread_blocked, id=13020, stack(0x00000053dbf00000,0x00000053dc000000)]
  0x000002515ce83000 JavaThread "Framework Event Dispatcher: Equinox Container: f8d6063a-5329-4730-bc63-fdc0552fade1" daemon [_thread_blocked, id=956, stack(0x00000053dc000000,0x00000053dc100000)]
  0x000002515ce71800 JavaThread "Start Level: Equinox Container: f8d6063a-5329-4730-bc63-fdc0552fade1" daemon [_thread_blocked, id=13584, stack(0x00000053dc100000,0x00000053dc200000)]
  0x000002515b116000 JavaThread "Worker-JM" [_thread_blocked, id=13332, stack(0x00000053dc400000,0x00000053dc500000)]
  0x000002515cc9c000 JavaThread "Worker-0: Processing Java changes since last activation" [_thread_blocked, id=9004, stack(0x00000053dc500000,0x00000053dc600000)]
  0x000002515b13b800 JavaThread "Worker-1" [_thread_blocked, id=8012, stack(0x00000053dc600000,0x00000053dc700000)]
  0x000002515ca23800 JavaThread "Worker-2" [_thread_blocked, id=16668, stack(0x00000053dc700000,0x00000053dc800000)]
  0x000002515c7f9000 JavaThread "Java indexing" daemon [_thread_new, id=12052, stack(0x0000000000000000,0x0000000000000000)]

Other Threads:
  0x000002515b0c0000 VMThread "VM Thread" [stack: 0x00000053db300000,0x00000053db400000] [id=4268] _threads_hazard_ptr=0x000002515dc81420
  0x000002515c4f5000 WatcherThread [stack: 0x00000053dbd00000,0x00000053dbe00000] [id=3168]
  0x000002513f1c9800 GCTaskThread "ParGC Thread#0" [stack: 0x00000053db200000,0x00000053db300000] [id=9616]
  0x000002515c561000 GCTaskThread "ParGC Thread#1" [stack: 0x00000053dbe00000,0x00000053dbf00000] [id=5500]
  0x000002515cbb5000 GCTaskThread "ParGC Thread#2" [stack: 0x00000053dc200000,0x00000053dc300000] [id=10216]
  0x000002515cd30800 GCTaskThread "ParGC Thread#3" [stack: 0x00000053dc300000,0x00000053dc400000] [id=7868]

Threads with active compile tasks:
C2 CompilerThread0     9055 2029       4       org.objectweb.asm.ClassReader::readMethod (1052 bytes)

VM state:synchronizing (normal execution)

VM Mutex/Monitor currently owned by a thread:  ([mutex/lock_event])
[0x000002513f1ae7b0] Threads_lock - owner thread: 0x000002515b0c0000

Heap address: 0x00000000c0000000, size: 1024 MB, Compressed Oops mode: 32-bit
Narrow klass base: 0x0000000800000000, Narrow klass shift: 3
Compressed class space size: 1073741824 Address: 0x0000000800b40000

Heap:
 PSYoungGen      total 29696K, used 18290K [0x00000000eab00000, 0x00000000ecc00000, 0x0000000100000000)
  eden space 25600K, 55% used [0x00000000eab00000,0x00000000eb8e3b50,0x00000000ec400000)
  from space 4096K, 99% used [0x00000000ec800000,0x00000000ecbf8ed8,0x00000000ecc00000)
  to   space 4096K, 0% used [0x00000000ec400000,0x00000000ec400000,0x00000000ec800000)
 ParOldGen       total 68608K, used 3597K [0x00000000c0000000, 0x00000000c4300000, 0x00000000eab00000)
  object space 68608K, 5% used [0x00000000c0000000,0x00000000c0383570,0x00000000c4300000)
 Metaspace       used 19362K, capacity 20402K, committed 20608K, reserved 1067008K
  class space    used 1761K, capacity 2118K, committed 2176K, reserved 1048576K

Card table byte_map: [0x00000251581b0000,0x00000251583c0000] _byte_map_base: 0x0000025157bb0000

Marking Bits: (ParMarkBitMap*) 0x00007fff335f4110
 Begin Bits: [0x0000025158520000, 0x0000025159520000)
 End Bits:   [0x0000025159520000, 0x000002515a520000)

Polling page: 0x000002513f280000

Metaspace:

Usage:
  Non-class:     17.86 MB capacity,    17.19 MB ( 96%) used,   651.31 KB (  4%) free+waste,    31.81 KB ( <1%) overhead. 
      Class:      2.07 MB capacity,     1.72 MB ( 83%) used,   340.95 KB ( 16%) free+waste,    15.19 KB ( <1%) overhead. 
       Both:     19.92 MB capacity,    18.91 MB ( 95%) used,   992.27 KB (  5%) free+waste,    47.00 KB ( <1%) overhead. 

Virtual space:
  Non-class space:       18.00 MB reserved,      18.00 MB (100%) committed 
      Class space:        1.00 GB reserved,       2.13 MB ( <1%) committed 
             Both:        1.02 GB reserved,      20.13 MB (  2%) committed 

Chunk freelists:
   Non-Class:  20.00 KB
       Class:  0 bytes
        Both:  20.00 KB

MaxMetaspaceSize: 17179869184.00 GB
CompressedClassSpaceSize: 1.00 GB

CodeHeap 'non-profiled nmethods': size=120000Kb used=754Kb max_used=754Kb free=119245Kb
 bounds [0x0000025150950000, 0x0000025150bc0000, 0x0000025157e80000]
CodeHeap 'profiled nmethods': size=120000Kb used=4755Kb max_used=4755Kb free=115245Kb
 bounds [0x0000025149420000, 0x00000251498d0000, 0x0000025150950000]
CodeHeap 'non-nmethods': size=5760Kb used=1238Kb max_used=1238Kb free=4521Kb
 bounds [0x0000025148e80000, 0x00000251490f0000, 0x0000025149420000]
 total_blobs=3361 nmethods=2096 adapters=423
 compilation: enabled
              stopped_count=0, restarted_count=0
 full_count=0

Compilation events (20 events):
Event: 8.931 Thread 0x000002515b0d6000 2093       3       jdk.internal.org.objectweb.asm.SymbolTable::addType (81 bytes)
Event: 8.933 Thread 0x000002515b0d6000 nmethod 2093 0x00000251498bba90 code [0x00000251498bbca0, 0x00000251498bc300]
Event: 8.933 Thread 0x000002515b0d6000 2095   !   3       java.lang.invoke.MemberName::getFieldType (177 bytes)
Event: 8.935 Thread 0x000002515b0d6000 nmethod 2095 0x00000251498bc610 code [0x00000251498bc960, 0x00000251498be1e0]
Event: 8.935 Thread 0x000002515b0d6000 2097       3       jdk.internal.org.objectweb.asm.ByteVector::put11 (52 bytes)
Event: 8.935 Thread 0x000002515b0d6000 nmethod 2097 0x00000251498be990 code [0x00000251498beb40, 0x00000251498bedd0]
Event: 8.935 Thread 0x000002515b0d6000 2096       3       sun.invoke.util.VerifyType::isNullConversion (157 bytes)
Event: 8.937 Thread 0x000002515b0d6000 nmethod 2096 0x00000251498bef10 code [0x00000251498bf220, 0x00000251498c0770]
Event: 8.937 Thread 0x000002515b0d6000 2098       3       jdk.internal.org.objectweb.asm.Frame::getLocal (46 bytes)
Event: 8.938 Thread 0x000002515b0d6000 nmethod 2098 0x00000251498c0c10 code [0x00000251498c0dc0, 0x00000251498c1038]
Event: 8.938 Thread 0x000002515b0d6000 2099       3       jdk.internal.org.objectweb.asm.Frame::pop (42 bytes)
Event: 8.938 Thread 0x000002515b0d6000 nmethod 2099 0x00000251498c1110 code [0x00000251498c12c0, 0x00000251498c14d8]
Event: 8.938 Thread 0x000002515b0d6000 2100       3       java.lang.invoke.InvokerBytecodeGenerator::emitImplicitConversion (161 bytes)
Event: 8.940 Thread 0x000002515b0d6000 nmethod 2100 0x00000251498c1590 code [0x00000251498c18c0, 0x00000251498c29c0]
Event: 8.940 Thread 0x000002515b0d6000 2101       3       java.lang.invoke.InvokerBytecodeGenerator::emitPushArgument (120 bytes)
Event: 8.941 Thread 0x000002515b0d6000 nmethod 2101 0x00000251498c2f90 code [0x00000251498c3260, 0x00000251498c4110]
Event: 8.941 Thread 0x000002515b0d6000 2102       3       java.lang.invoke.InvokerBytecodeGenerator::emitLoadInsn (21 bytes)
Event: 8.941 Thread 0x000002515b0d6000 nmethod 2102 0x00000251498c4610 code [0x00000251498c47e0, 0x00000251498c4ac0]
Event: 8.941 Thread 0x000002515b0d6000 2094       1       java.lang.invoke.LambdaForm$NamedFunction::intrinsicName (5 bytes)
Event: 8.942 Thread 0x000002515b0d6000 nmethod 2094 0x0000025150a0c610 code [0x0000025150a0c7a0, 0x0000025150a0c8d8]

GC Heap History (8 events):
Event: 3.557 GC heap before
{Heap before GC invocations=1 (full 0):
 PSYoungGen      total 29696K, used 25600K [0x00000000eab00000, 0x00000000ecc00000, 0x0000000100000000)
  eden space 25600K, 100% used [0x00000000eab00000,0x00000000ec400000,0x00000000ec400000)
  from space 4096K, 0% used [0x00000000ec800000,0x00000000ec800000,0x00000000ecc00000)
  to   space 4096K, 0% used [0x00000000ec400000,0x00000000ec400000,0x00000000ec800000)
 ParOldGen       total 68608K, used 0K [0x00000000c0000000, 0x00000000c4300000, 0x00000000eab00000)
  object space 68608K, 0% used [0x00000000c0000000,0x00000000c0000000,0x00000000c4300000)
 Metaspace       used 4388K, capacity 5571K, committed 5760K, reserved 1056768K
  class space    used 433K, capacity 546K, committed 640K, reserved 1048576K
}
Event: 3.574 GC heap after
{Heap after GC invocations=1 (full 0):
 PSYoungGen      total 29696K, used 2849K [0x00000000eab00000, 0x00000000ecc00000, 0x0000000100000000)
  eden space 25600K, 0% used [0x00000000eab00000,0x00000000eab00000,0x00000000ec400000)
  from space 4096K, 69% used [0x00000000ec400000,0x00000000ec6c8610,0x00000000ec800000)
  to   space 4096K, 0% used [0x00000000ec800000,0x00000000ec800000,0x00000000ecc00000)
 ParOldGen       total 68608K, used 0K [0x00000000c0000000, 0x00000000c4300000, 0x00000000eab00000)
  object space 68608K, 0% used [0x00000000c0000000,0x00000000c0000000,0x00000000c4300000)
 Metaspace       used 4388K, capacity 5571K, committed 5760K, reserved 1056768K
  class space    used 433K, capacity 546K, committed 640K, reserved 1048576K
}
Event: 5.744 GC heap before
{Heap before GC invocations=2 (full 0):
 PSYoungGen      total 29696K, used 28449K [0x00000000eab00000, 0x00000000ecc00000, 0x0000000100000000)
  eden space 25600K, 100% used [0x00000000eab00000,0x00000000ec400000,0x00000000ec400000)
  from space 4096K, 69% used [0x00000000ec400000,0x00000000ec6c8610,0x00000000ec800000)
  to   space 4096K, 0% used [0x00000000ec800000,0x00000000ec800000,0x00000000ecc00000)
 ParOldGen       total 68608K, used 0K [0x00000000c0000000, 0x00000000c4300000, 0x00000000eab00000)
  object space 68608K, 0% used [0x00000000c0000000,0x00000000c0000000,0x00000000c4300000)
 Metaspace       used 8813K, capacity 9424K, committed 9600K, reserved 1058816K
  class space    used 852K, capacity 1038K, committed 1152K, reserved 1048576K
}
Event: 5.807 GC heap after
{Heap after GC invocations=2 (full 0):
 PSYoungGen      total 29696K, used 4081K [0x00000000eab00000, 0x00000000ecc00000, 0x0000000100000000)
  eden space 25600K, 0% used [0x00000000eab00000,0x00000000eab00000,0x00000000ec400000)
  from space 4096K, 99% used [0x00000000ec800000,0x00000000ecbfc600,0x00000000ecc00000)
  to   space 4096K, 0% used [0x00000000ec400000,0x00000000ec400000,0x00000000ec800000)
 ParOldGen       total 68608K, used 144K [0x00000000c0000000, 0x00000000c4300000, 0x00000000eab00000)
  object space 68608K, 0% used [0x00000000c0000000,0x00000000c0024000,0x00000000c4300000)
 Metaspace       used 8813K, capacity 9424K, committed 9600K, reserved 1058816K
  class space    used 852K, capacity 1038K, committed 1152K, reserved 1048576K
}
Event: 7.656 GC heap before
{Heap before GC invocations=3 (full 0):
 PSYoungGen      total 29696K, used 29681K [0x00000000eab00000, 0x00000000ecc00000, 0x0000000100000000)
  eden space 25600K, 100% used [0x00000000eab00000,0x00000000ec400000,0x00000000ec400000)
  from space 4096K, 99% used [0x00000000ec800000,0x00000000ecbfc600,0x00000000ecc00000)
  to   space 4096K, 0% used [0x00000000ec400000,0x00000000ec400000,0x00000000ec800000)
 ParOldGen       total 68608K, used 144K [0x00000000c0000000, 0x00000000c4300000, 0x00000000eab00000)
  object space 68608K, 0% used [0x00000000c0000000,0x00000000c0024000,0x00000000c4300000)
 Metaspace       used 13919K, capacity 14874K, committed 15104K, reserved 1062912K
  class space    used 1361K, capacity 1685K, committed 1792K, reserved 1048576K
}
Event: 7.668 GC heap after
{Heap after GC invocations=3 (full 0):
 PSYoungGen      total 29696K, used 4075K [0x00000000eab00000, 0x00000000ecc00000, 0x0000000100000000)
  eden space 25600K, 0% used [0x00000000eab00000,0x00000000eab00000,0x00000000ec400000)
  from space 4096K, 99% used [0x00000000ec400000,0x00000000ec7faf58,0x00000000ec800000)
  to   space 4096K, 0% used [0x00000000ec800000,0x00000000ec800000,0x00000000ecc00000)
 ParOldGen       total 68608K, used 3541K [0x00000000c0000000, 0x00000000c4300000, 0x00000000eab00000)
  object space 68608K, 5% used [0x00000000c0000000,0x00000000c0375570,0x00000000c4300000)
 Metaspace       used 13919K, capacity 14874K, committed 15104K, reserved 1062912K
  class space    used 1361K, capacity 1685K, committed 1792K, reserved 1048576K
}
Event: 8.544 GC heap before
{Heap before GC invocations=4 (full 0):
 PSYoungGen      total 29696K, used 29675K [0x00000000eab00000, 0x00000000ecc00000, 0x0000000100000000)
  eden space 25600K, 100% used [0x00000000eab00000,0x00000000ec400000,0x00000000ec400000)
  from space 4096K, 99% used [0x00000000ec400000,0x00000000ec7faf58,0x00000000ec800000)
  to   space 4096K, 0% used [0x00000000ec800000,0x00000000ec800000,0x00000000ecc00000)
 ParOldGen       total 68608K, used 3541K [0x00000000c0000000, 0x00000000c4300000, 0x00000000eab00000)
  object space 68608K, 5% used [0x00000000c0000000,0x00000000c0375570,0x00000000c4300000)
 Metaspace       used 17760K, capacity 18766K, committed 18944K, reserved 1067008K
  class space    used 1652K, capacity 1977K, committed 2048K, reserved 1048576K
}
Event: 8.565 GC heap after
{Heap after GC invocations=4 (full 0):
 PSYoungGen      total 29696K, used 4067K [0x00000000eab00000, 0x00000000ecc00000, 0x0000000100000000)
  eden space 25600K, 0% used [0x00000000eab00000,0x00000000eab00000,0x00000000ec400000)
  from space 4096K, 99% used [0x00000000ec800000,0x00000000ecbf8ed8,0x00000000ecc00000)
  to   space 4096K, 0% used [0x00000000ec400000,0x00000000ec400000,0x00000000ec800000)
 ParOldGen       total 68608K, used 3597K [0x00000000c0000000, 0x00000000c4300000, 0x00000000eab00000)
  object space 68608K, 5% used [0x00000000c0000000,0x00000000c0383570,0x00000000c4300000)
 Metaspace       used 17760K, capacity 18766K, committed 18944K, reserved 1067008K
  class space    used 1652K, capacity 1977K, committed 2048K, reserved 1048576K
}

Deoptimization events (20 events):
Event: 6.893 Thread 0x000002515ce71800 DEOPT PACKING pc=0x000002515098e1f4 sp=0x00000053dc1f7c80
Event: 6.894 Thread 0x000002515ce71800 DEOPT UNPACKING pc=0x0000025148ec912f sp=0x00000053dc1f7c08 mode 2
Event: 7.222 Thread 0x000002515ce71800 DEOPT PACKING pc=0x00000251498356c3 sp=0x00000053dc1f8430
Event: 7.222 Thread 0x000002515ce71800 DEOPT UNPACKING pc=0x0000025148ec964e sp=0x00000053dc1f78e0 mode 0
Event: 8.827 Thread 0x000002515ce71800 DEOPT PACKING pc=0x000002514957d6a6 sp=0x00000053dc1f7650
Event: 8.827 Thread 0x000002515ce71800 DEOPT UNPACKING pc=0x0000025148ec964e sp=0x00000053dc1f6b48 mode 0
Event: 8.829 Thread 0x000002515ce71800 DEOPT PACKING pc=0x000002514957d6a6 sp=0x00000053dc1f7650
Event: 8.829 Thread 0x000002515ce71800 DEOPT UNPACKING pc=0x0000025148ec964e sp=0x00000053dc1f6b48 mode 0
Event: 8.834 Thread 0x000002515ce71800 Uncommon trap: trap_request=0xffffff45 fr.pc=0x00000251509f2324 relative=0x00000000000010c4
Event: 8.834 Thread 0x000002515ce71800 Uncommon trap: reason=unstable_if action=reinterpret pc=0x00000251509f2324 method=java.util.Properties.loadConvert([CIILjava/lang/StringBuilder;)Ljava/lang/String; @ 467 c2
Event: 8.834 Thread 0x000002515ce71800 DEOPT PACKING pc=0x00000251509f2324 sp=0x00000053dc1f7680
Event: 8.834 Thread 0x000002515ce71800 DEOPT UNPACKING pc=0x0000025148ec912f sp=0x00000053dc1f7660 mode 2
Event: 8.922 Thread 0x000002515ce71800 DEOPT PACKING pc=0x000002514957d6a6 sp=0x00000053dc1f8480
Event: 8.922 Thread 0x000002515ce71800 DEOPT UNPACKING pc=0x0000025148ec964e sp=0x00000053dc1f7978 mode 0
Event: 8.924 Thread 0x000002515ce71800 DEOPT PACKING pc=0x000002514957d6a6 sp=0x00000053dc1f8480
Event: 8.924 Thread 0x000002515ce71800 DEOPT UNPACKING pc=0x0000025148ec964e sp=0x00000053dc1f7978 mode 0
Event: 8.926 Thread 0x000002515ce71800 DEOPT PACKING pc=0x000002514957d6a6 sp=0x00000053dc1f8480
Event: 8.926 Thread 0x000002515ce71800 DEOPT UNPACKING pc=0x0000025148ec964e sp=0x00000053dc1f7978 mode 0
Event: 8.927 Thread 0x000002515ce71800 DEOPT PACKING pc=0x000002514957d6a6 sp=0x00000053dc1f8480
Event: 8.928 Thread 0x000002515ce71800 DEOPT UNPACKING pc=0x0000025148ec964e sp=0x00000053dc1f7978 mode 0

Classes unloaded (0 events):
No events

Classes redefined (0 events):
No events

Internal exceptions (20 events):
Event: 1.836 Thread 0x000002513f1af800 Exception <a 'java/lang/NoSuchMethodError'{0x00000000ec186870}: 'java.lang.Object java.lang.invoke.DirectMethodHandle$Holder.invokeStaticInit(java.lang.Object, int, int, int, int)'> (0x00000000ec186870) 
thrown [t:/workspace/open/src/hotspot/share/interpreter/linkResolver.cpp, line 767]
Event: 3.400 Thread 0x000002513f1af800 Exception <a 'java/lang/NoSuchMethodError'{0x00000000ec24d0b8}: 'java.lang.Object java.lang.invoke.DirectMethodHandle$Holder.invokeStaticInit(java.lang.Object, java.lang.Object, int, int, int, int)'> (0x00000000ec24d0b8) 
thrown [t:/workspace/open/src/hotspot/share/interpreter/linkResolver.cpp, line 767]
Event: 3.426 Thread 0x000002513f1af800 Exception <a 'java/lang/ClassNotFoundException'{0x00000000ec28b130}: sun/net/www/protocol/c/Handler> (0x00000000ec28b130) 
thrown [t:/workspace/open/src/hotspot/share/classfile/systemDictionary.cpp, line 232]
Event: 3.426 Thread 0x000002513f1af800 Exception <a 'java/lang/ClassNotFoundException'{0x00000000ec28c5b8}: sun/net/www/protocol/c/Handler> (0x00000000ec28c5b8) 
thrown [t:/workspace/open/src/hotspot/share/classfile/systemDictionary.cpp, line 232]
Event: 3.427 Thread 0x000002513f1af800 Exception <a 'java/lang/ClassNotFoundException'{0x00000000ec28d898}: sun/net/www/protocol/c/Handler> (0x00000000ec28d898) 
thrown [t:/workspace/open/src/hotspot/share/classfile/systemDictionary.cpp, line 232]
Event: 3.444 Thread 0x000002513f1af800 Exception <a 'java/io/FileNotFoundException'{0x00000000ec2a8720}> (0x00000000ec2a8720) 
thrown [t:/workspace/open/src/hotspot/share/prims/jni.cpp, line 598]
Event: 3.578 Thread 0x000002513f1af800 Implicit null exception at 0x000002515099b265 to 0x000002515099b456
Event: 3.580 Thread 0x000002513f1af800 Implicit null exception at 0x000002515099202f to 0x00000251509920ad
Event: 3.668 Thread 0x000002513f1af800 Exception <a 'java/lang/NoSuchMethodError'{0x00000000ead3a1d0}: 'int java.lang.invoke.DirectMethodHandle$Holder.invokeStaticInit(java.lang.Object, java.lang.Object, java.lang.Object, java.lang.Object)'> (0x00000000ead3a1d0) 
thrown [t:/workspace/open/src/hotspot/share/interpreter/linkResolver.cpp, line 767]
Event: 3.670 Thread 0x000002513f1af800 Exception <a 'java/lang/IncompatibleClassChangeError'{0x00000000ead438e0}: Found class java.lang.Object, but interface was expected> (0x00000000ead438e0) 
thrown [t:/workspace/open/src/hotspot/share/interpreter/linkResolver.cpp, line 833]
Event: 3.672 Thread 0x000002513f1af800 Exception <a 'java/lang/NoSuchMethodError'{0x00000000ead493c0}: 'void java.lang.invoke.DirectMethodHandle$Holder.invokeStaticInit(java.lang.Object, java.lang.Object)'> (0x00000000ead493c0) 
thrown [t:/workspace/open/src/hotspot/share/interpreter/linkResolver.cpp, line 767]
Event: 3.673 Thread 0x000002513f1af800 Exception <a 'java/lang/NoSuchMethodError'{0x00000000ead51800}: 'int java.lang.invoke.DirectMethodHandle$Holder.invokeStaticInit(java.lang.Object, java.lang.Object)'> (0x00000000ead51800) 
thrown [t:/workspace/open/src/hotspot/share/interpreter/linkResolver.cpp, line 767]
Event: 5.157 Thread 0x000002513f1af800 Exception <a 'java/lang/UnsatisfiedLinkError'{0x00000000ebe48fa0}: 'void org.eclipse.equinox.launcher.JNIBridge._update_splash()'> (0x00000000ebe48fa0) 
thrown [t:/workspace/open/src/hotspot/share/prims/nativeLookup.cpp, line 387]
Event: 5.225 Thread 0x000002515ce83000 Implicit null exception at 0x000002515098dc1b to 0x000002515098dcea
Event: 5.560 Thread 0x000002515ce71800 Exception <a 'java/io/FileNotFoundException'{0x00000000ec286c10}> (0x00000000ec286c10) 
thrown [t:/workspace/open/src/hotspot/share/prims/jni.cpp, line 598]
Event: 6.549 Thread 0x000002515ce71800 Exception <a 'java/io/FileNotFoundException'{0x00000000eb4e67e8}> (0x00000000eb4e67e8) 
thrown [t:/workspace/open/src/hotspot/share/prims/jni.cpp, line 598]
Event: 7.368 Thread 0x000002515ce71800 Exception <a 'java/lang/NoSuchMethodError'{0x00000000ebd8f9b8}: 'int java.lang.invoke.DirectMethodHandle$Holder.invokeStaticInit(java.lang.Object, java.lang.Object, java.lang.Object)'> (0x00000000ebd8f9b8) 
thrown [t:/workspace/open/src/hotspot/share/interpreter/linkResolver.cpp, line 767]
Event: 8.915 Thread 0x000002515ce71800 Exception <a 'java/lang/ClassNotFoundException'{0x00000000eb7d6800}: com/sun/org/apache/xerces/internal/impl/msg/spi/DOMMessagesProvider> (0x00000000eb7d6800) 
thrown [t:/workspace/open/src/hotspot/share/classfile/systemDictionary.cpp, line 232]
Event: 8.922 Thread 0x000002515ce71800 Exception <a 'java/lang/ClassNotFoundException'{0x00000000eb7f6760}: com/sun/org/apache/xerces/internal/impl/msg/spi/XMLSerializerMessagesProvider> (0x00000000eb7f6760) 
thrown [t:/workspace/open/src/hotspot/share/classfile/systemDictionary.cpp, line 232]
Event: 8.923 Thread 0x000002515ce71800 Exception <a 'java/lang/ClassNotFoundException'{0x00000000eb801ef0}: com/sun/org/apache/xerces/internal/impl/msg/spi/XMLMessagesProvider> (0x00000000eb801ef0) 
thrown [t:/workspace/open/src/hotspot/share/classfile/systemDictionary.cpp, line 232]

Events (20 events):
Event: 8.923 loading class com/sun/org/apache/xerces/internal/impl/msg/XMLSerializerMessages_en
Event: 8.923 loading class com/sun/org/apache/xerces/internal/impl/msg/XMLSerializerMessages_en done
Event: 8.923 loading class com/sun/org/apache/xerces/internal/impl/msg/XMLSerializerMessages_en_US
Event: 8.923 loading class com/sun/org/apache/xerces/internal/impl/msg/XMLSerializerMessages_en_US done
Event: 8.923 loading class com/sun/org/apache/xerces/internal/impl/msg/XMLSerializerMessages_en_US
Event: 8.923 loading class com/sun/org/apache/xerces/internal/impl/msg/XMLSerializerMessages_en_US done
Event: 8.923 loading class com/sun/org/apache/xerces/internal/impl/msg/spi/XMLMessagesProvider
Event: 8.923 loading class com/sun/org/apache/xerces/internal/impl/msg/spi/XMLMessagesProvider done
Event: 8.923 loading class com/sun/org/apache/xerces/internal/impl/msg/XMLMessages
Event: 8.923 loading class com/sun/org/apache/xerces/internal/impl/msg/XMLMessages done
Event: 8.923 loading class com/sun/org/apache/xerces/internal/impl/msg/XMLMessages
Event: 8.923 loading class com/sun/org/apache/xerces/internal/impl/msg/XMLMessages done
Event: 8.928 loading class com/sun/org/apache/xerces/internal/impl/msg/XMLMessages_en
Event: 8.928 loading class com/sun/org/apache/xerces/internal/impl/msg/XMLMessages_en done
Event: 8.928 loading class com/sun/org/apache/xerces/internal/impl/msg/XMLMessages_en
Event: 8.928 loading class com/sun/org/apache/xerces/internal/impl/msg/XMLMessages_en done
Event: 8.929 loading class com/sun/org/apache/xerces/internal/impl/msg/XMLMessages_en_US
Event: 8.929 loading class com/sun/org/apache/xerces/internal/impl/msg/XMLMessages_en_US done
Event: 8.929 loading class com/sun/org/apache/xerces/internal/impl/msg/XMLMessages_en_US
Event: 8.929 loading class com/sun/org/apache/xerces/internal/impl/msg/XMLMessages_en_US done


Dynamic libraries:
0x00007ff63a850000 - 0x00007ff63a85f000 	C:\Program Files\Java\jdk-13.0.2\bin\java.exe
0x00007fff80e40000 - 0x00007fff81030000 	C:\WINDOWS\SYSTEM32\ntdll.dll
0x00007fff7f1d0000 - 0x00007fff7f282000 	C:\WINDOWS\System32\KERNEL32.DLL
0x00007fff7ebc0000 - 0x00007fff7ee64000 	C:\WINDOWS\System32\KERNELBASE.dll
0x00007fff7dfb0000 - 0x00007fff7e0aa000 	C:\WINDOWS\System32\ucrtbase.dll
0x00007fff6bdf0000 - 0x00007fff6be05000 	C:\Program Files\Java\jdk-13.0.2\bin\VCRUNTIME140.dll
0x00007fff69d30000 - 0x00007fff69d48000 	C:\Program Files\Java\jdk-13.0.2\bin\jli.dll
0x00007fff80b60000 - 0x00007fff80c03000 	C:\WINDOWS\System32\ADVAPI32.dll
0x00007fff7f130000 - 0x00007fff7f1ce000 	C:\WINDOWS\System32\msvcrt.dll
0x00007fff80100000 - 0x00007fff80197000 	C:\WINDOWS\System32\sechost.dll
0x00007fff80a10000 - 0x00007fff80b30000 	C:\WINDOWS\System32\RPCRT4.dll
0x00007fff801a0000 - 0x00007fff80334000 	C:\WINDOWS\System32\USER32.dll
0x00007fff7eae0000 - 0x00007fff7eb01000 	C:\WINDOWS\System32\win32u.dll
0x00007fff80b30000 - 0x00007fff80b56000 	C:\WINDOWS\System32\GDI32.dll
0x00007fff7ddf0000 - 0x00007fff7df86000 	C:\WINDOWS\System32\gdi32full.dll
0x00007fff754a0000 - 0x00007fff75724000 	C:\WINDOWS\WinSxS\amd64_microsoft.windows.common-controls_6595b64144ccf1df_6.0.18362.959_none_e6c7bbbf130c62bb\COMCTL32.dll
0x00007fff7ea40000 - 0x00007fff7eade000 	C:\WINDOWS\System32\msvcp_win.dll
0x00007fff7fdc0000 - 0x00007fff800f5000 	C:\WINDOWS\System32\combase.dll
0x00007fff7ee70000 - 0x00007fff7eef0000 	C:\WINDOWS\System32\bcryptPrimitives.dll
0x00007fff773a0000 - 0x00007fff773aa000 	C:\WINDOWS\SYSTEM32\VERSION.dll
0x00007fff808e0000 - 0x00007fff8090e000 	C:\WINDOWS\System32\IMM32.DLL
0x00007fff606f0000 - 0x00007fff6078b000 	C:\Program Files\Java\jdk-13.0.2\bin\msvcp140.dll
0x00007fff32b60000 - 0x00007fff336bd000 	C:\Program Files\Java\jdk-13.0.2\bin\server\jvm.dll
0x00007fff80c10000 - 0x00007fff80c18000 	C:\WINDOWS\System32\PSAPI.DLL
0x00007fff680c0000 - 0x00007fff680c9000 	C:\WINDOWS\SYSTEM32\WSOCK32.dll
0x00007fff80870000 - 0x00007fff808df000 	C:\WINDOWS\System32\WS2_32.dll
0x00007fff7b300000 - 0x00007fff7b324000 	C:\WINDOWS\SYSTEM32\WINMM.dll
0x00007fff7b2d0000 - 0x00007fff7b2fd000 	C:\WINDOWS\SYSTEM32\WINMMBASE.dll
0x00007fff7e9f0000 - 0x00007fff7ea3a000 	C:\WINDOWS\System32\cfgmgr32.dll
0x00007fff7dd00000 - 0x00007fff7dd11000 	C:\WINDOWS\System32\kernel.appcore.dll
0x00007fff79e70000 - 0x00007fff79e80000 	C:\Program Files\Java\jdk-13.0.2\bin\verify.dll
0x00007fff66770000 - 0x00007fff66964000 	C:\WINDOWS\SYSTEM32\DBGHELP.DLL
0x00007fff66740000 - 0x00007fff6676a000 	C:\WINDOWS\SYSTEM32\dbgcore.DLL
0x00007fff69b80000 - 0x00007fff69ba6000 	C:\Program Files\Java\jdk-13.0.2\bin\java.dll
0x00007fff748e0000 - 0x00007fff748ee000 	C:\Program Files\Java\jdk-13.0.2\bin\instrument.dll
0x00007fff69b60000 - 0x00007fff69b77000 	C:\Program Files\Java\jdk-13.0.2\bin\zip.dll
0x00007fff74860000 - 0x00007fff7486a000 	C:\Program Files\Java\jdk-13.0.2\bin\jimage.dll
0x00007fff7f290000 - 0x00007fff7f976000 	C:\WINDOWS\System32\SHELL32.dll
0x00007fff80c80000 - 0x00007fff80d29000 	C:\WINDOWS\System32\shcore.dll
0x00007fff7e260000 - 0x00007fff7e9e2000 	C:\WINDOWS\System32\windows.storage.dll
0x00007fff7dd90000 - 0x00007fff7ddb3000 	C:\WINDOWS\System32\profapi.dll
0x00007fff7dd40000 - 0x00007fff7dd8a000 	C:\WINDOWS\System32\powrprof.dll
0x00007fff7dcf0000 - 0x00007fff7dd00000 	C:\WINDOWS\System32\UMPDC.dll
0x00007fff7eef0000 - 0x00007fff7ef42000 	C:\WINDOWS\System32\shlwapi.dll
0x00007fff7df90000 - 0x00007fff7dfa7000 	C:\WINDOWS\System32\cryptsp.dll
0x00007fff698f0000 - 0x00007fff69909000 	C:\Program Files\Java\jdk-13.0.2\bin\net.dll
0x00007fff737a0000 - 0x00007fff73890000 	C:\WINDOWS\SYSTEM32\WINHTTP.dll
0x00007fff7d560000 - 0x00007fff7d5c7000 	C:\WINDOWS\system32\mswsock.dll
0x00007fff698d0000 - 0x00007fff698e3000 	C:\Program Files\Java\jdk-13.0.2\bin\nio.dll
0x00007fff7d070000 - 0x00007fff7d0a3000 	C:\WINDOWS\system32\rsaenh.dll
0x00007fff7ddc0000 - 0x00007fff7dde6000 	C:\WINDOWS\System32\bcrypt.dll
0x00007fff7dbe0000 - 0x00007fff7dc05000 	C:\WINDOWS\SYSTEM32\USERENV.dll
0x00007fff7d730000 - 0x00007fff7d73c000 	C:\WINDOWS\SYSTEM32\CRYPTBASE.dll
0x00007fff7d270000 - 0x00007fff7d2aa000 	C:\WINDOWS\SYSTEM32\IPHLPAPI.DLL
0x00007fff7ef70000 - 0x00007fff7ef78000 	C:\WINDOWS\System32\NSI.dll
0x00007fff72070000 - 0x00007fff72086000 	C:\WINDOWS\SYSTEM32\dhcpcsvc6.DLL
0x00007fff72050000 - 0x00007fff7206c000 	C:\WINDOWS\SYSTEM32\dhcpcsvc.DLL
0x00007fff7d2b0000 - 0x00007fff7d37b000 	C:\WINDOWS\SYSTEM32\DNSAPI.dll
0x00007fff68a70000 - 0x00007fff68a99000 	C:\Users\user\AppData\Roaming\Code\User\globalStorage\redhat.java\0.65.0\config_ss_win\org.eclipse.equinox.launcher\org.eclipse.equinox.launcher.win32.win32.x86_64_1.1.1200.v20200508-1552\eclipse_11000.dll

dbghelp: loaded successfully - version: 4.0.5 - missing functions: none
symbol engine: initialized successfully - sym options: 0x614 - pdb path: .;C:\Program Files\Java\jdk-13.0.2\bin;C:\WINDOWS\SYSTEM32;C:\WINDOWS\WinSxS\amd64_microsoft.windows.common-controls_6595b64144ccf1df_6.0.18362.959_none_e6c7bbbf130c62bb;C:\Program Files\Java\jdk-13.0.2\bin\server;C:\Users\user\AppData\Roaming\Code\User\globalStorage\redhat.java\0.65.0\config_ss_win\org.eclipse.equinox.launcher\org.eclipse.equinox.launcher.win32.win32.x86_64_1.1.1200.v20200508-1552

VM Arguments:
jvm_args: --add-modules=ALL-SYSTEM --add-opens=java.base/java.util=ALL-UNNAMED --add-opens=java.base/java.lang=ALL-UNNAMED -Declipse.application=org.eclipse.jdt.ls.core.id1 -Dosgi.bundles.defaultStartLevel=4 -Declipse.product=org.eclipse.jdt.ls.core.product -Dfile.encoding=utf8 -DwatchParentProcess=false -XX:+UseParallelGC -XX:GCTimeRatio=4 -XX:AdaptiveSizePolicyWeight=90 -Dsun.zip.disableMemoryMapping=true -Xmx1G -Xms100m -javaagent:c:\Users\user\.vscode\extensions\gabrielbb.vscode-lombok-1.0.1\server\lombok.jar 
java_command: c:\Users\user\.vscode\extensions\redhat.java-0.65.0\server\plugins\org.eclipse.equinox.launcher_1.5.700.v20200207-2156.jar -configuration c:\Users\user\AppData\Roaming\Code\User\globalStorage\redhat.java\0.65.0\config_ss_win -data c:\Users\user\AppData\Roaming\Code\User\workspaceStorage\a46b9891e5656295e1b7f49403d4699a\redhat.java\ss_ws
java_class_path (initial): c:\Users\user\.vscode\extensions\redhat.java-0.65.0\server\plugins\org.eclipse.equinox.launcher_1.5.700.v20200207-2156.jar
Launcher Type: SUN_STANDARD

[Global flags]
    uintx AdaptiveSizePolicyWeight                 = 90                                        {product} {command line}
     intx CICompilerCount                          = 3                                         {product} {ergonomic}
    uintx GCTimeRatio                              = 4                                         {product} {command line}
   size_t InitialHeapSize                          = 104857600                                 {product} {command line}
   size_t MaxHeapSize                              = 1073741824                                {product} {command line}
   size_t MaxNewSize                               = 357564416                                 {product} {ergonomic}
   size_t MinHeapDeltaBytes                        = 524288                                    {product} {ergonomic}
   size_t MinHeapSize                              = 104857600                                 {product} {command line}
   size_t NewSize                                  = 34603008                                  {product} {ergonomic}
    uintx NonNMethodCodeHeapSize                   = 5832780                                {pd product} {ergonomic}
    uintx NonProfiledCodeHeapSize                  = 122912730                              {pd product} {ergonomic}
   size_t OldSize                                  = 70254592                                  {product} {ergonomic}
    uintx ProfiledCodeHeapSize                     = 122912730                              {pd product} {ergonomic}
    uintx ReservedCodeCacheSize                    = 251658240                              {pd product} {ergonomic}
     bool SegmentedCodeCache                       = true                                      {product} {ergonomic}
   size_t SoftMaxHeapSize                          = 1073741824                             {manageable} {ergonomic}
     bool UseCompressedClassPointers               = true                                 {lp64_product} {ergonomic}
     bool UseCompressedOops                        = true                                 {lp64_product} {ergonomic}
     bool UseLargePagesIndividualAllocation        = false                                  {pd product} {ergonomic}
     bool UseParallelGC                            = true                                      {product} {command line}

Logging:
Log output configuration:
 #0: stdout all=warning uptime,level,tags
 #1: stderr all=off uptime,level,tags

Environment Variables:
JAVA_HOME=C:\Program Files\Java\jdk-13.0.2
PATH=C:\Python38\Scripts\;C:\Python38\;C:\Program Files (x86)\Common Files\Oracle\Java\javapath;C:\ProgramData\Oracle\Java\javapath;C:\WINDOWS\system32;C:\WINDOWS;C:\WINDOWS\System32\Wbem;C:\WINDOWS\System32\WindowsPowerShell\v1.0\;C:\Program Files\Intel\WiFi\bin\;C:\Program Files\Common Files\Intel\WirelessCommon\;C:\Program Files (x86)\Skype\Phone\;C:\WINDOWS\System32\OpenSSH\;C:\Program Files\nodejs\;C:\ProgramData\chocolatey\bin;C:\Users\user\AppData\Local\Microsoft\WindowsApps;C:\Users\user\AppData\Local\Programs\Git\cmd;C:\Users\user\AppData\Roaming\npm;C:\Users\user\AppData\Local\Programs\Microsoft VS Code\bin
USERNAME=user
OS=Windows_NT
PROCESSOR_IDENTIFIER=Intel64 Family 6 Model 69 Stepping 1, GenuineIntel



---------------  S Y S T E M  ---------------

OS: Windows 10 , 64 bit Build 18362 (10.0.18362.959)

CPU:total 4 (initial active 4) (2 cores per cpu, 2 threads per core) family 6 model 69 stepping 1, cmov, cx8, fxsr, mmx, sse, sse2, sse3, ssse3, sse4.1, sse4.2, popcnt, avx, avx2, aes, clmul, erms, lzcnt, ht, tsc, tscinvbit, bmi1, bmi2, fma

Memory: 4k page, system-wide physical 8097M (1662M free)
TotalPageFile size 10145M (AvailPageFile size 8M)
current process WorkingSet (physical memory assigned to process): 120M, peak: 123M
current process commit charge ("private bytes"): 228M, peak: 230M

vm_info: Java HotSpot(TM) 64-Bit Server VM (13.0.2+8) for windows-amd64 JRE (13.0.2+8), built on Dec 11 2019 09:20:33 by "mach5one" with unknown MS VC++:1916

END.
