#
# There is insufficient memory for the Java Runtime Environment to continue.
# Native memory allocation (malloc) failed to allocate 330016 bytes for Chunk::new
# Possible reasons:
#   The system is out of physical RAM or swap space
#   The process is running with CompressedOops enabled, and the Java Heap may be blocking the growth of the native heap
# Possible solutions:
#   Reduce memory load on the system
#   Increase physical memory or swap space
#   Check if swap backing store is full
#   Decrease Java heap size (-Xmx/-Xms)
#   Decrease number of Java threads
#   Decrease Java thread stack sizes (-Xss)
#   Set larger code cache with -XX:ReservedCodeCacheSize=
#   JVM is running with Unscaled Compressed Oops mode in which the Java heap is
#     placed in the first 4GB address space. The Java Heap base address is the
#     maximum limit for the native heap growth. Please use -XX:HeapBaseMinAddress
#     to set the Java Heap base and to place the Java Heap above 4GB virtual address.
# This output file may be truncated or incomplete.
#
#  Out of Memory Error (t:/workspace/open/src/hotspot/share/memory/arena.cpp:196), pid=8740, tid=6296
#
# JRE version: Java(TM) SE Runtime Environment (13.0.2+8) (build 13.0.2+8)
# Java VM: Java HotSpot(TM) 64-Bit Server VM (13.0.2+8, mixed mode, sharing, tiered, compressed oops, parallel gc, windows-amd64)
# No core dump will be written. Minidumps are not enabled by default on client versions of Windows
#

---------------  S U M M A R Y ------------

Command Line: --add-modules=ALL-SYSTEM --add-opens=java.base/java.util=ALL-UNNAMED --add-opens=java.base/java.lang=ALL-UNNAMED -Declipse.application=org.eclipse.jdt.ls.core.id1 -Dosgi.bundles.defaultStartLevel=4 -Declipse.product=org.eclipse.jdt.ls.core.product -Dfile.encoding=utf8 -DwatchParentProcess=false -XX:+UseParallelGC -XX:GCTimeRatio=4 -XX:AdaptiveSizePolicyWeight=90 -Dsun.zip.disableMemoryMapping=true -Xmx1G -Xms100m -javaagent:c:\Users\user\.vscode\extensions\gabrielbb.vscode-lombok-1.0.1\server\lombok.jar c:\Users\user\.vscode\extensions\redhat.java-0.65.0\server\plugins\org.eclipse.equinox.launcher_1.5.700.v20200207-2156.jar -configuration c:\Users\user\AppData\Roaming\Code\User\globalStorage\redhat.java\0.65.0\config_win -data c:\Users\user\AppData\Roaming\Code\User\workspaceStorage\a46b9891e5656295e1b7f49403d4699a\redhat.java\jdt_ws

Host: Intel(R) Core(TM) i5-4300U CPU @ 1.90GHz, 4 cores, 7G,  Windows 10 , 64 bit Build 18362 (10.0.18362.959)
Time: Tue Aug  4 08:49:45 2020 Eastern Daylight Time elapsed time: 1 seconds (0d 0h 0m 1s)

---------------  T H R E A D  ---------------

Current thread (0x000001ac1062f800):  JavaThread "C2 CompilerThread1" daemon [_thread_in_native, id=6296, stack(0x000000241e400000,0x000000241e500000)]


Current CompileTask:
C2:   1429  600 %     4       sun.security.provider.SHA2::implCompress0 @ 3 (322 bytes)

Stack: [0x000000241e400000,0x000000241e500000]
Native frames: (J=compiled Java code, j=interpreted, Vv=VM code, C=native code)
V  [jvm.dll+0x624f9a]
V  [jvm.dll+0x770cfa]
V  [jvm.dll+0x7724af]
V  [jvm.dll+0x772ab3]
V  [jvm.dll+0x24bf08]
V  [jvm.dll+0xc1e47]
V  [jvm.dll+0xc23cc]
V  [jvm.dll+0x2bdbf4]
V  [jvm.dll+0x5441fd]
V  [jvm.dll+0x20e00a]
V  [jvm.dll+0x207ace]
V  [jvm.dll+0x204d1d]
V  [jvm.dll+0x189c2c]
V  [jvm.dll+0x213e6d]
V  [jvm.dll+0x2120bb]
V  [jvm.dll+0x736bb6]
V  [jvm.dll+0x72fcaa]
V  [jvm.dll+0x623ea6]
C  [ucrtbase.dll+0x20e82]
C  [KERNEL32.DLL+0x17bd4]
C  [ntdll.dll+0x6ce51]


---------------  P R O C E S S  ---------------

Threads class SMR info:
_java_thread_list=0x000001ac10634480, length=11, elements={
0x000001ac731cc800, 0x000001ac7328b800, 0x000001ac7328d800, 0x000001ac0f189000,
0x000001ac0f18b000, 0x000001ac0f18e000, 0x000001ac0f18f000, 0x000001ac0f198800,
0x000001ac103c1000, 0x000001ac104ac800, 0x000001ac1062f800
}

Java Threads: ( => current thread )
  0x000001ac731cc800 JavaThread "main" [_thread_in_native, id=5668, stack(0x000000241d700000,0x000000241d800000)]
  0x000001ac7328b800 JavaThread "Reference Handler" daemon [_thread_blocked, id=9512, stack(0x000000241da00000,0x000000241db00000)]
  0x000001ac7328d800 JavaThread "Finalizer" daemon [_thread_blocked, id=9676, stack(0x000000241db00000,0x000000241dc00000)]
  0x000001ac0f189000 JavaThread "Signal Dispatcher" daemon [_thread_blocked, id=2208, stack(0x000000241dc00000,0x000000241dd00000)]
  0x000001ac0f18b000 JavaThread "Attach Listener" daemon [_thread_blocked, id=6284, stack(0x000000241dd00000,0x000000241de00000)]
  0x000001ac0f18e000 JavaThread "C2 CompilerThread0" daemon [_thread_in_native, id=16004, stack(0x000000241de00000,0x000000241df00000)]
  0x000001ac0f18f000 JavaThread "C1 CompilerThread0" daemon [_thread_blocked, id=11316, stack(0x000000241df00000,0x000000241e000000)]
  0x000001ac0f198800 JavaThread "Sweeper thread" daemon [_thread_blocked, id=15064, stack(0x000000241e000000,0x000000241e100000)]
  0x000001ac103c1000 JavaThread "Common-Cleaner" daemon [_thread_blocked, id=8932, stack(0x000000241e100000,0x000000241e200000)]
  0x000001ac104ac800 JavaThread "Service Thread" daemon [_thread_blocked, id=15428, stack(0x000000241e200000,0x000000241e300000)]
=>0x000001ac1062f800 JavaThread "C2 CompilerThread1" daemon [_thread_in_native, id=6296, stack(0x000000241e400000,0x000000241e500000)]

Other Threads:
  0x000001ac0f17f800 VMThread "VM Thread" [stack: 0x000000241d900000,0x000000241da00000] [id=8848]
  0x000001ac105aa800 WatcherThread [stack: 0x000000241e300000,0x000000241e400000] [id=6404]
  0x000001ac731e6000 GCTaskThread "ParGC Thread#0" [stack: 0x000000241d800000,0x000000241d900000] [id=11656]

Threads with active compile tasks:
C2 CompilerThread0     1469  619       4       java.lang.AbstractStringBuilder::append (45 bytes)
C2 CompilerThread1     1469  600 %     4       sun.security.provider.SHA2::implCompress0 @ 3 (322 bytes)

VM state:not at safepoint (normal execution)

VM Mutex/Monitor currently owned by a thread: None

Heap address: 0x00000000c0000000, size: 1024 MB, Compressed Oops mode: 32-bit
Narrow klass base: 0x0000000800000000, Narrow klass shift: 3
Compressed class space size: 1073741824 Address: 0x0000000800b40000

Heap:
 PSYoungGen      total 29696K, used 14192K [0x00000000eab00000, 0x00000000ecc00000, 0x0000000100000000)
  eden space 25600K, 55% used [0x00000000eab00000,0x00000000eb8dc290,0x00000000ec400000)
  from space 4096K, 0% used [0x00000000ec800000,0x00000000ec800000,0x00000000ecc00000)
  to   space 4096K, 0% used [0x00000000ec400000,0x00000000ec400000,0x00000000ec800000)
 ParOldGen       total 68608K, used 0K [0x00000000c0000000, 0x00000000c4300000, 0x00000000eab00000)
  object space 68608K, 0% used [0x00000000c0000000,0x00000000c0000000,0x00000000c4300000)
 Metaspace       used 3012K, capacity 4942K, committed 5120K, reserved 1056768K
  class space    used 287K, capacity 459K, committed 512K, reserved 1048576K

Card table byte_map: [0x000001ac7d200000,0x000001ac7d410000] _byte_map_base: 0x000001ac7cc00000

Marking Bits: (ParMarkBitMap*) 0x00007fff335f4110
 Begin Bits: [0x000001ac7d570000, 0x000001ac7e570000)
 End Bits:   [0x000001ac7e570000, 0x000001ac7f570000)

Polling page: 0x000001ac73050000

Metaspace:

Usage:
  Non-class:      4.38 MB capacity,     2.66 MB ( 61%) used,     1.71 MB ( 39%) free+waste,     3.81 KB ( <1%) overhead. 
      Class:    459.00 KB capacity,   287.84 KB ( 63%) used,   168.79 KB ( 37%) free+waste,     2.38 KB ( <1%) overhead. 
       Both:      4.83 MB capacity,     2.94 MB ( 61%) used,     1.88 MB ( 39%) free+waste,     6.19 KB ( <1%) overhead. 

Virtual space:
  Non-class space:        8.00 MB reserved,       4.50 MB ( 56%) committed 
      Class space:        1.00 GB reserved,     512.00 KB ( <1%) committed 
             Both:        1.01 GB reserved,       5.00 MB ( <1%) committed 

Chunk freelists:
   Non-Class:  61.00 KB
       Class:  1.00 KB
        Both:  62.00 KB

MaxMetaspaceSize: 17179869184.00 GB
CompressedClassSpaceSize: 1.00 GB

CodeHeap 'non-profiled nmethods': size=120000Kb used=215Kb max_used=215Kb free=119784Kb
 bounds [0x000001ac07ad0000, 0x000001ac07d40000, 0x000001ac0f000000]
CodeHeap 'profiled nmethods': size=120000Kb used=991Kb max_used=991Kb free=119008Kb
 bounds [0x000001ac005a0000, 0x000001ac00810000, 0x000001ac07ad0000]
CodeHeap 'non-nmethods': size=5760Kb used=1123Kb max_used=1140Kb free=4636Kb
 bounds [0x000001ac00000000, 0x000001ac00270000, 0x000001ac005a0000]
 total_blobs=1431 nmethods=616 adapters=276
 compilation: enabled
              stopped_count=0, restarted_count=0
 full_count=0

Compilation events (20 events):
Event: 1.306 Thread 0x000001ac0f18f000  598       3       java.util.Arrays::equals (43 bytes)
Event: 1.306 Thread 0x000001ac0f18f000 nmethod 598 0x000001ac00689010 code [0x000001ac006891e0, 0x000001ac006894f0]
Event: 1.311 Thread 0x000001ac0f18e000 nmethod 578 0x000001ac07b00290 code [0x000001ac07b004c0, 0x000001ac07b011c8]
Event: 1.311 Thread 0x000001ac0f18e000  581       4       java.util.HashSet::iterator (13 bytes)
Event: 1.325 Thread 0x000001ac0f18e000 nmethod 581 0x000001ac07b01e10 code [0x000001ac07b01fe0, 0x000001ac07b02598]
Event: 1.325 Thread 0x000001ac0f18e000  579       4       java.util.Collections$UnmodifiableCollection::iterator (9 bytes)
Event: 1.345 Thread 0x000001ac0f18e000 nmethod 579 0x000001ac07b02910 code [0x000001ac07b02ae0, 0x000001ac07b03198]
Event: 1.345 Thread 0x000001ac0f18e000  597 %     4       sun.security.provider.SHA2::implCompress0 @ 133 (322 bytes)
Event: 1.366 Thread 0x000001ac0f18e000 nmethod 597% 0x000001ac07b03590 code [0x000001ac07b03740, 0x000001ac07b04178]
Event: 1.414 Thread 0x000001ac1062f800  600 %     4       sun.security.provider.SHA2::implCompress0 @ 3 (322 bytes)
Event: 1.419 Thread 0x000001ac0f18e000  601       4       java.lang.String::getBytes (44 bytes)
Event: 1.420 Thread 0x000001ac0f18e000 nmethod 601 0x000001ac07b04410 code [0x000001ac07b045a0, 0x000001ac07b046d8]
Event: 1.424 Thread 0x000001ac0f18f000  602       3       java.lang.String::equalsIgnoreCase (45 bytes)
Event: 1.424 Thread 0x000001ac0f18f000 nmethod 602 0x000001ac00689610 code [0x000001ac00689800, 0x000001ac00689dd0]
Event: 1.424 Thread 0x000001ac0f18f000  603   !   3       sun.instrument.TransformerManager::transform (100 bytes)
Event: 1.425 Thread 0x000001ac0f18f000 nmethod 603 0x000001ac00689f90 code [0x000001ac0068a160, 0x000001ac0068a650]
Event: 1.425 Thread 0x000001ac0f18f000  604       3       lombok.eclipse.agent.EclipsePatcher$1::shouldTransform (65 bytes)
Event: 1.425 Thread 0x000001ac0f18f000 nmethod 604 0x000001ac0068a890 code [0x000001ac0068aac0, 0x000001ac0068b2b0]
Event: 1.425 Thread 0x000001ac0f18f000  605       3       java.util.concurrent.ConcurrentHashMap$BaseIterator::hasNext (13 bytes)
Event: 1.426 Thread 0x000001ac0f18f000 nmethod 605 0x000001ac0068b590 code [0x000001ac0068b740, 0x000001ac0068b918]

GC Heap History (0 events):
No events

Deoptimization events (20 events):
Event: 0.959 Thread 0x000001ac731cc800 Uncommon trap: trap_request=0xffffffde fr.pc=0x000001ac07af7248 relative=0x0000000000000128
Event: 0.959 Thread 0x000001ac731cc800 Uncommon trap: reason=class_check action=maybe_recompile pc=0x000001ac07af7248 method=jdk.internal.misc.Unsafe.allocateUninitializedArray(Ljava/lang/Class;I)Ljava/lang/Object; @ 48 c2
Event: 0.959 Thread 0x000001ac731cc800 DEOPT PACKING pc=0x000001ac07af7248 sp=0x000000241d7fc140
Event: 0.959 Thread 0x000001ac731cc800 DEOPT UNPACKING pc=0x000001ac0004912f sp=0x000000241d7fc0c8 mode 2
Event: 0.959 Thread 0x000001ac731cc800 Uncommon trap: trap_request=0xffffffde fr.pc=0x000001ac07af7248 relative=0x0000000000000128
Event: 0.959 Thread 0x000001ac731cc800 Uncommon trap: reason=class_check action=maybe_recompile pc=0x000001ac07af7248 method=jdk.internal.misc.Unsafe.allocateUninitializedArray(Ljava/lang/Class;I)Ljava/lang/Object; @ 48 c2
Event: 0.959 Thread 0x000001ac731cc800 DEOPT PACKING pc=0x000001ac07af7248 sp=0x000000241d7fc140
Event: 0.959 Thread 0x000001ac731cc800 DEOPT UNPACKING pc=0x000001ac0004912f sp=0x000000241d7fc0c8 mode 2
Event: 0.959 Thread 0x000001ac731cc800 Uncommon trap: trap_request=0xffffffde fr.pc=0x000001ac07af7248 relative=0x0000000000000128
Event: 0.959 Thread 0x000001ac731cc800 Uncommon trap: reason=class_check action=maybe_recompile pc=0x000001ac07af7248 method=jdk.internal.misc.Unsafe.allocateUninitializedArray(Ljava/lang/Class;I)Ljava/lang/Object; @ 48 c2
Event: 0.959 Thread 0x000001ac731cc800 DEOPT PACKING pc=0x000001ac07af7248 sp=0x000000241d7fc180
Event: 0.959 Thread 0x000001ac731cc800 DEOPT UNPACKING pc=0x000001ac0004912f sp=0x000000241d7fc108 mode 2
Event: 1.062 Thread 0x000001ac731cc800 Uncommon trap: trap_request=0xffffff45 fr.pc=0x000001ac07ae6ee0 relative=0x00000000000000c0
Event: 1.062 Thread 0x000001ac731cc800 Uncommon trap: reason=unstable_if action=reinterpret pc=0x000001ac07ae6ee0 method=java.net.URI.match(CJJ)Z @ 45 c2
Event: 1.062 Thread 0x000001ac731cc800 DEOPT PACKING pc=0x000001ac07ae6ee0 sp=0x000000241d7fc590
Event: 1.062 Thread 0x000001ac731cc800 DEOPT UNPACKING pc=0x000001ac0004912f sp=0x000000241d7fc518 mode 2
Event: 1.092 Thread 0x000001ac731cc800 Uncommon trap: trap_request=0xffffff45 fr.pc=0x000001ac07af6668 relative=0x0000000000000668
Event: 1.092 Thread 0x000001ac731cc800 Uncommon trap: reason=unstable_if action=reinterpret pc=0x000001ac07af6668 method=java.lang.String.replace(Ljava/lang/CharSequence;Ljava/lang/CharSequence;)Ljava/lang/String; @ 48 c2
Event: 1.092 Thread 0x000001ac731cc800 DEOPT PACKING pc=0x000001ac07af6668 sp=0x000000241d7fd220
Event: 1.092 Thread 0x000001ac731cc800 DEOPT UNPACKING pc=0x000001ac0004912f sp=0x000000241d7fd190 mode 2

Classes unloaded (0 events):
No events

Classes redefined (0 events):
No events

Internal exceptions (3 events):
Event: 0.608 Thread 0x000001ac731cc800 Exception <a 'java/lang/reflect/InvocationTargetException'{0x00000000eaf3e888}> (0x00000000eaf3e888) 
thrown [t:/workspace/open/src/hotspot/share/runtime/reflection.cpp, line 1188]
Event: 0.655 Thread 0x000001ac731cc800 Exception <a 'java/lang/NoSuchMethodError'{0x00000000eafd1df8}: 'int java.lang.invoke.DirectMethodHandle$Holder.invokeSpecialIFC(java.lang.Object, java.lang.Object, int)'> (0x00000000eafd1df8) 
thrown [t:/workspace/open/src/hotspot/share/interpreter/linkResolver.cpp, line 767]
Event: 1.425 Thread 0x000001ac731cc800 Exception <a 'java/lang/ClassNotFoundException'{0x00000000eb7ed710}: sun/net/www/protocol/c/Handler> (0x00000000eb7ed710) 
thrown [t:/workspace/open/src/hotspot/share/classfile/systemDictionary.cpp, line 232]

Events (20 events):
Event: 1.306 loading class java/lang/NumberFormatException
Event: 1.307 loading class java/lang/NumberFormatException done
Event: 1.411 loading class java/lang/SecurityException
Event: 1.411 loading class java/lang/SecurityException done
Event: 1.412 loading class org/eclipse/equinox/launcher/Main$StartupClassLoader
Event: 1.412 loading class org/eclipse/equinox/launcher/Main$StartupClassLoader done
Event: 1.420 Executing VM operation: Deoptimize
Event: 1.420 Executing VM operation: Deoptimize done
Event: 1.421 loading class java/security/Policy
Event: 1.421 loading class java/security/Policy done
Event: 1.421 loading class org/eclipse/equinox/launcher/Main$EclipsePolicy
Event: 1.421 loading class org/eclipse/equinox/launcher/Main$EclipsePolicy done
Event: 1.424 loading class java/net/URL$2
Event: 1.424 loading class java/net/URL$2 done
Event: 1.424 loading class java/net/URL$1
Event: 1.424 loading class java/net/URL$1 done
Event: 1.424 loading class java/net/spi/URLStreamHandlerProvider
Event: 1.424 loading class java/net/spi/URLStreamHandlerProvider done
Event: 1.425 loading class sun/net/www/protocol/c/Handler
Event: 1.425 loading class sun/net/www/protocol/c/Handler done


Dynamic libraries:
0x00007ff63a850000 - 0x00007ff63a85f000 	C:\Program Files\Java\jdk-13.0.2\bin\java.exe
0x00007fff80e40000 - 0x00007fff81030000 	C:\WINDOWS\SYSTEM32\ntdll.dll
0x00007fff7f1d0000 - 0x00007fff7f282000 	C:\WINDOWS\System32\KERNEL32.DLL
0x00007fff7ebc0000 - 0x00007fff7ee64000 	C:\WINDOWS\System32\KERNELBASE.dll
0x00007fff7dfb0000 - 0x00007fff7e0aa000 	C:\WINDOWS\System32\ucrtbase.dll
0x00007fff74940000 - 0x00007fff74958000 	C:\Program Files\Java\jdk-13.0.2\bin\jli.dll
0x00007fff80b60000 - 0x00007fff80c03000 	C:\WINDOWS\System32\ADVAPI32.dll
0x00007fff7f130000 - 0x00007fff7f1ce000 	C:\WINDOWS\System32\msvcrt.dll
0x00007fff80100000 - 0x00007fff80197000 	C:\WINDOWS\System32\sechost.dll
0x00007fff80a10000 - 0x00007fff80b30000 	C:\WINDOWS\System32\RPCRT4.dll
0x00007fff801a0000 - 0x00007fff80334000 	C:\WINDOWS\System32\USER32.dll
0x00007fff7eae0000 - 0x00007fff7eb01000 	C:\WINDOWS\System32\win32u.dll
0x00007fff80b30000 - 0x00007fff80b56000 	C:\WINDOWS\System32\GDI32.dll
0x00007fff7ddf0000 - 0x00007fff7df86000 	C:\WINDOWS\System32\gdi32full.dll
0x00007fff7ea40000 - 0x00007fff7eade000 	C:\WINDOWS\System32\msvcp_win.dll
0x00007fff74430000 - 0x00007fff74445000 	C:\Program Files\Java\jdk-13.0.2\bin\VCRUNTIME140.dll
0x00007fff754a0000 - 0x00007fff75724000 	C:\WINDOWS\WinSxS\amd64_microsoft.windows.common-controls_6595b64144ccf1df_6.0.18362.959_none_e6c7bbbf130c62bb\COMCTL32.dll
0x00007fff7fdc0000 - 0x00007fff800f5000 	C:\WINDOWS\System32\combase.dll
0x00007fff7ee70000 - 0x00007fff7eef0000 	C:\WINDOWS\System32\bcryptPrimitives.dll
0x00007fff773a0000 - 0x00007fff773aa000 	C:\WINDOWS\SYSTEM32\VERSION.dll
0x00007fff808e0000 - 0x00007fff8090e000 	C:\WINDOWS\System32\IMM32.DLL
0x00007fff60710000 - 0x00007fff607ab000 	C:\Program Files\Java\jdk-13.0.2\bin\msvcp140.dll
0x00007fff32b60000 - 0x00007fff336bd000 	C:\Program Files\Java\jdk-13.0.2\bin\server\jvm.dll
0x00007fff80c10000 - 0x00007fff80c18000 	C:\WINDOWS\System32\PSAPI.DLL
0x00007fff680c0000 - 0x00007fff680c9000 	C:\WINDOWS\SYSTEM32\WSOCK32.dll
0x00007fff80870000 - 0x00007fff808df000 	C:\WINDOWS\System32\WS2_32.dll
0x00007fff7b300000 - 0x00007fff7b324000 	C:\WINDOWS\SYSTEM32\WINMM.dll
0x00007fff7b2d0000 - 0x00007fff7b2fd000 	C:\WINDOWS\SYSTEM32\WINMMBASE.dll
0x00007fff7e9f0000 - 0x00007fff7ea3a000 	C:\WINDOWS\System32\cfgmgr32.dll
0x00007fff7dd00000 - 0x00007fff7dd11000 	C:\WINDOWS\System32\kernel.appcore.dll
0x00007fff748e0000 - 0x00007fff748f0000 	C:\Program Files\Java\jdk-13.0.2\bin\verify.dll
0x00007fff66770000 - 0x00007fff66964000 	C:\WINDOWS\SYSTEM32\DBGHELP.DLL
0x00007fff66740000 - 0x00007fff6676a000 	C:\WINDOWS\SYSTEM32\dbgcore.DLL
0x00007fff69d50000 - 0x00007fff69d76000 	C:\Program Files\Java\jdk-13.0.2\bin\java.dll
0x00007fff73d40000 - 0x00007fff73d4e000 	C:\Program Files\Java\jdk-13.0.2\bin\instrument.dll
0x00007fff6bdf0000 - 0x00007fff6be07000 	C:\Program Files\Java\jdk-13.0.2\bin\zip.dll
0x00007fff74420000 - 0x00007fff7442a000 	C:\Program Files\Java\jdk-13.0.2\bin\jimage.dll
0x00007fff7f290000 - 0x00007fff7f976000 	C:\WINDOWS\System32\SHELL32.dll
0x00007fff80c80000 - 0x00007fff80d29000 	C:\WINDOWS\System32\shcore.dll
0x00007fff7e260000 - 0x00007fff7e9e2000 	C:\WINDOWS\System32\windows.storage.dll
0x00007fff7dd90000 - 0x00007fff7ddb3000 	C:\WINDOWS\System32\profapi.dll
0x00007fff7dd40000 - 0x00007fff7dd8a000 	C:\WINDOWS\System32\powrprof.dll
0x00007fff7dcf0000 - 0x00007fff7dd00000 	C:\WINDOWS\System32\UMPDC.dll
0x00007fff7eef0000 - 0x00007fff7ef42000 	C:\WINDOWS\System32\shlwapi.dll
0x00007fff7df90000 - 0x00007fff7dfa7000 	C:\WINDOWS\System32\cryptsp.dll
0x00007fff69d30000 - 0x00007fff69d49000 	C:\Program Files\Java\jdk-13.0.2\bin\net.dll
0x00007fff737a0000 - 0x00007fff73890000 	C:\WINDOWS\SYSTEM32\WINHTTP.dll
0x00007fff7d560000 - 0x00007fff7d5c7000 	C:\WINDOWS\system32\mswsock.dll
0x00007fff69b90000 - 0x00007fff69ba3000 	C:\Program Files\Java\jdk-13.0.2\bin\nio.dll

dbghelp: loaded successfully - version: 4.0.5 - missing functions: none
symbol engine: initialized successfully - sym options: 0x614 - pdb path: .;C:\Program Files\Java\jdk-13.0.2\bin;C:\WINDOWS\SYSTEM32;C:\WINDOWS\WinSxS\amd64_microsoft.windows.common-controls_6595b64144ccf1df_6.0.18362.959_none_e6c7bbbf130c62bb;C:\Program Files\Java\jdk-13.0.2\bin\server

VM Arguments:
jvm_args: --add-modules=ALL-SYSTEM --add-opens=java.base/java.util=ALL-UNNAMED --add-opens=java.base/java.lang=ALL-UNNAMED -Declipse.application=org.eclipse.jdt.ls.core.id1 -Dosgi.bundles.defaultStartLevel=4 -Declipse.product=org.eclipse.jdt.ls.core.product -Dfile.encoding=utf8 -DwatchParentProcess=false -XX:+UseParallelGC -XX:GCTimeRatio=4 -XX:AdaptiveSizePolicyWeight=90 -Dsun.zip.disableMemoryMapping=true -Xmx1G -Xms100m -javaagent:c:\Users\user\.vscode\extensions\gabrielbb.vscode-lombok-1.0.1\server\lombok.jar 
java_command: c:\Users\user\.vscode\extensions\redhat.java-0.65.0\server\plugins\org.eclipse.equinox.launcher_1.5.700.v20200207-2156.jar -configuration c:\Users\user\AppData\Roaming\Code\User\globalStorage\redhat.java\0.65.0\config_win -data c:\Users\user\AppData\Roaming\Code\User\workspaceStorage\a46b9891e5656295e1b7f49403d4699a\redhat.java\jdt_ws
java_class_path (initial): c:\Users\user\.vscode\extensions\redhat.java-0.65.0\server\plugins\org.eclipse.equinox.launcher_1.5.700.v20200207-2156.jar
Launcher Type: SUN_STANDARD

[Global flags]
    uintx AdaptiveSizePolicyWeight                 = 90                                        {product} {command line}
     intx CICompilerCount                          = 3                                         {product} {ergonomic}
    uintx GCTimeRatio                              = 4                                         {product} {command line}
   size_t InitialHeapSize                          = 104857600                                 {product} {command line}
   size_t MaxHeapSize                              = 1073741824                                {product} {command line}
   size_t MaxNewSize                               = 357564416                                 {product} {ergonomic}
   size_t MinHeapDeltaBytes                        = 524288                                    {product} {ergonomic}
   size_t MinHeapSize                              = 104857600                                 {product} {command line}
   size_t NewSize                                  = 34603008                                  {product} {ergonomic}
    uintx NonNMethodCodeHeapSize                   = 5832780                                {pd product} {ergonomic}
    uintx NonProfiledCodeHeapSize                  = 122912730                              {pd product} {ergonomic}
   size_t OldSize                                  = 70254592                                  {product} {ergonomic}
    uintx ProfiledCodeHeapSize                     = 122912730                              {pd product} {ergonomic}
    uintx ReservedCodeCacheSize                    = 251658240                              {pd product} {ergonomic}
     bool SegmentedCodeCache                       = true                                      {product} {ergonomic}
   size_t SoftMaxHeapSize                          = 1073741824                             {manageable} {ergonomic}
     bool UseCompressedClassPointers               = true                                 {lp64_product} {ergonomic}
     bool UseCompressedOops                        = true                                 {lp64_product} {ergonomic}
     bool UseLargePagesIndividualAllocation        = false                                  {pd product} {ergonomic}
     bool UseParallelGC                            = true                                      {product} {command line}

Logging:
Log output configuration:
 #0: stdout all=warning uptime,level,tags
 #1: stderr all=off uptime,level,tags

Environment Variables:
JAVA_HOME=C:\Program Files\Java\jdk-13.0.2
PATH=C:\Python38\Scripts\;C:\Python38\;C:\Program Files (x86)\Common Files\Oracle\Java\javapath;C:\ProgramData\Oracle\Java\javapath;C:\WINDOWS\system32;C:\WINDOWS;C:\WINDOWS\System32\Wbem;C:\WINDOWS\System32\WindowsPowerShell\v1.0\;C:\Program Files\Intel\WiFi\bin\;C:\Program Files\Common Files\Intel\WirelessCommon\;C:\Program Files (x86)\Skype\Phone\;C:\WINDOWS\System32\OpenSSH\;C:\Program Files\nodejs\;C:\ProgramData\chocolatey\bin;C:\Users\user\AppData\Local\Microsoft\WindowsApps;C:\Users\user\AppData\Local\Programs\Git\cmd;C:\Users\user\AppData\Roaming\npm;C:\Users\user\AppData\Local\Programs\Microsoft VS Code\bin
USERNAME=user
OS=Windows_NT
PROCESSOR_IDENTIFIER=Intel64 Family 6 Model 69 Stepping 1, GenuineIntel



---------------  S Y S T E M  ---------------

OS: Windows 10 , 64 bit Build 18362 (10.0.18362.959)

CPU:total 4 (initial active 4) (2 cores per cpu, 2 threads per core) family 6 model 69 stepping 1, cmov, cx8, fxsr, mmx, sse, sse2, sse3, ssse3, sse4.1, sse4.2, popcnt, avx, avx2, aes, clmul, erms, lzcnt, ht, tsc, tscinvbit, bmi1, bmi2, fma

Memory: 4k page, system-wide physical 8097M (1797M free)
TotalPageFile size 10145M (AvailPageFile size 2M)
current process WorkingSet (physical memory assigned to process): 51M, peak: 51M
current process commit charge ("private bytes"): 187M, peak: 187M

vm_info: Java HotSpot(TM) 64-Bit Server VM (13.0.2+8) for windows-amd64 JRE (13.0.2+8), built on Dec 11 2019 09:20:33 by "mach5one" with unknown MS VC++:1916

END.
